18:27:56 **** Build of configuration Debug for project wed ****
make all 
'Building file: ../Libraries/STM32F10x_StdPeriph_Driver_v3.5/src/misc.c'
'Invoking: ARM C++ Compiler 5'
armcc --cpp -O0 --cpu=CORTEX-M3 -g -c -o "Libraries/STM32F10x_StdPeriph_Driver_v3.5/src/misc.o" "../Libraries/STM32F10x_StdPeriph_Driver_v3.5/src/misc.c"
"../Libraries/STM32F10x_StdPeriph_Driver_v3.5/src/misc.h", line 32: Error:  #5: cannot open source input file "stm32f10x.h": No such file or directory
  #include "stm32f10x.h"
                        ^
../Libraries/STM32F10x_StdPeriph_Driver_v3.5/src/misc.c: 0 warnings, 1 error
make: *** [Libraries/STM32F10x_StdPeriph_Driver_v3.5/src/misc.o] Error 1
18:30:13 **** Incremental Build of configuration Debug for project wed ****
make all 
'Building file: ../Libraries/STM32F10x_StdPeriph_Driver_v3.5/src/misc.c'
'Invoking: ARM C++ Compiler 5'
armcc -I"C:\Users\Team01\Desktop\Project1\wed\Libraries\CMSIS\CoreSupport" -I"C:\Users\Team01\Desktop\Project1\wed\Libraries\CMSIS\DeviceSupport" -I"C:\Users\Team01\Desktop\Project1\wed\Libraries\CMSIS\DeviceSupport\Startup" -I"C:\Users\Team01\Desktop\Project1\wed\Libraries\STM32F10x_StdPeriph_Driver_v3.5\inc" -I"C:\Users\Team01\Desktop\Project1\wed\Libraries\STM32F10x_StdPeriph_Driver_v3.5\src" --cpp -O0 --cpu=CORTEX-M3 -g -c -o "Libraries/STM32F10x_StdPeriph_Driver_v3.5/src/misc.o" "../Libraries/STM32F10x_StdPeriph_Driver_v3.5/src/misc.c"
'Finished building: ../Libraries/STM32F10x_StdPeriph_Driver_v3.5/src/misc.c'
' '
'Building file: ../Libraries/STM32F10x_StdPeriph_Driver_v3.5/src/stm32f10x_adc.c'
'Invoking: ARM C++ Compiler 5'
armcc -I"C:\Users\Team01\Desktop\Project1\wed\Libraries\CMSIS\CoreSupport" -I"C:\Users\Team01\Desktop\Project1\wed\Libraries\CMSIS\DeviceSupport" -I"C:\Users\Team01\Desktop\Project1\wed\Libraries\CMSIS\DeviceSupport\Startup" -I"C:\Users\Team01\Desktop\Project1\wed\Libraries\STM32F10x_StdPeriph_Driver_v3.5\inc" -I"C:\Users\Team01\Desktop\Project1\wed\Libraries\STM32F10x_StdPeriph_Driver_v3.5\src" --cpp -O0 --cpu=CORTEX-M3 -g -c -o "Libraries/STM32F10x_StdPeriph_Driver_v3.5/src/stm32f10x_adc.o" "../Libraries/STM32F10x_StdPeriph_Driver_v3.5/src/stm32f10x_adc.c"
'Finished building: ../Libraries/STM32F10x_StdPeriph_Driver_v3.5/src/stm32f10x_adc.c'
' '
'Building file: ../Libraries/STM32F10x_StdPeriph_Driver_v3.5/src/stm32f10x_bkp.c'
'Invoking: ARM C++ Compiler 5'
armcc -I"C:\Users\Team01\Desktop\Project1\wed\Libraries\CMSIS\CoreSupport" -I"C:\Users\Team01\Desktop\Project1\wed\Libraries\CMSIS\DeviceSupport" -I"C:\Users\Team01\Desktop\Project1\wed\Libraries\CMSIS\DeviceSupport\Startup" -I"C:\Users\Team01\Desktop\Project1\wed\Libraries\STM32F10x_StdPeriph_Driver_v3.5\inc" -I"C:\Users\Team01\Desktop\Project1\wed\Libraries\STM32F10x_StdPeriph_Driver_v3.5\src" --cpp -O0 --cpu=CORTEX-M3 -g -c -o "Libraries/STM32F10x_StdPeriph_Driver_v3.5/src/stm32f10x_bkp.o" "../Libraries/STM32F10x_StdPeriph_Driver_v3.5/src/stm32f10x_bkp.c"
'Finished building: ../Libraries/STM32F10x_StdPeriph_Driver_v3.5/src/stm32f10x_bkp.c'
' '
'Building file: ../Libraries/STM32F10x_StdPeriph_Driver_v3.5/src/stm32f10x_can.c'
'Invoking: ARM C++ Compiler 5'
armcc -I"C:\Users\Team01\Desktop\Project1\wed\Libraries\CMSIS\CoreSupport" -I"C:\Users\Team01\Desktop\Project1\wed\Libraries\CMSIS\DeviceSupport" -I"C:\Users\Team01\Desktop\Project1\wed\Libraries\CMSIS\DeviceSupport\Startup" -I"C:\Users\Team01\Desktop\Project1\wed\Libraries\STM32F10x_StdPeriph_Driver_v3.5\inc" -I"C:\Users\Team01\Desktop\Project1\wed\Libraries\STM32F10x_StdPeriph_Driver_v3.5\src" --cpp -O0 --cpu=CORTEX-M3 -g -c -o "Libraries/STM32F10x_StdPeriph_Driver_v3.5/src/stm32f10x_can.o" "../Libraries/STM32F10x_StdPeriph_Driver_v3.5/src/stm32f10x_can.c"
'Finished building: ../Libraries/STM32F10x_StdPeriph_Driver_v3.5/src/stm32f10x_can.c'
' '
'Building file: ../Libraries/STM32F10x_StdPeriph_Driver_v3.5/src/stm32f10x_cec.c'
'Invoking: ARM C++ Compiler 5'
armcc -I"C:\Users\Team01\Desktop\Project1\wed\Libraries\CMSIS\CoreSupport" -I"C:\Users\Team01\Desktop\Project1\wed\Libraries\CMSIS\DeviceSupport" -I"C:\Users\Team01\Desktop\Project1\wed\Libraries\CMSIS\DeviceSupport\Startup" -I"C:\Users\Team01\Desktop\Project1\wed\Libraries\STM32F10x_StdPeriph_Driver_v3.5\inc" -I"C:\Users\Team01\Desktop\Project1\wed\Libraries\STM32F10x_StdPeriph_Driver_v3.5\src" --cpp -O0 --cpu=CORTEX-M3 -g -c -o "Libraries/STM32F10x_StdPeriph_Driver_v3.5/src/stm32f10x_cec.o" "../Libraries/STM32F10x_StdPeriph_Driver_v3.5/src/stm32f10x_cec.c"
'Finished building: ../Libraries/STM32F10x_StdPeriph_Driver_v3.5/src/stm32f10x_cec.c'
' '
'Building file: ../Libraries/STM32F10x_StdPeriph_Driver_v3.5/src/stm32f10x_crc.c'
'Invoking: ARM C++ Compiler 5'
armcc -I"C:\Users\Team01\Desktop\Project1\wed\Libraries\CMSIS\CoreSupport" -I"C:\Users\Team01\Desktop\Project1\wed\Libraries\CMSIS\DeviceSupport" -I"C:\Users\Team01\Desktop\Project1\wed\Libraries\CMSIS\DeviceSupport\Startup" -I"C:\Users\Team01\Desktop\Project1\wed\Libraries\STM32F10x_StdPeriph_Driver_v3.5\inc" -I"C:\Users\Team01\Desktop\Project1\wed\Libraries\STM32F10x_StdPeriph_Driver_v3.5\src" --cpp -O0 --cpu=CORTEX-M3 -g -c -o "Libraries/STM32F10x_StdPeriph_Driver_v3.5/src/stm32f10x_crc.o" "../Libraries/STM32F10x_StdPeriph_Driver_v3.5/src/stm32f10x_crc.c"
'Finished building: ../Libraries/STM32F10x_StdPeriph_Driver_v3.5/src/stm32f10x_crc.c'
' '
'Building file: ../Libraries/STM32F10x_StdPeriph_Driver_v3.5/src/stm32f10x_dac.c'
'Invoking: ARM C++ Compiler 5'
armcc -I"C:\Users\Team01\Desktop\Project1\wed\Libraries\CMSIS\CoreSupport" -I"C:\Users\Team01\Desktop\Project1\wed\Libraries\CMSIS\DeviceSupport" -I"C:\Users\Team01\Desktop\Project1\wed\Libraries\CMSIS\DeviceSupport\Startup" -I"C:\Users\Team01\Desktop\Project1\wed\Libraries\STM32F10x_StdPeriph_Driver_v3.5\inc" -I"C:\Users\Team01\Desktop\Project1\wed\Libraries\STM32F10x_StdPeriph_Driver_v3.5\src" --cpp -O0 --cpu=CORTEX-M3 -g -c -o "Libraries/STM32F10x_StdPeriph_Driver_v3.5/src/stm32f10x_dac.o" "../Libraries/STM32F10x_StdPeriph_Driver_v3.5/src/stm32f10x_dac.c"
'Finished building: ../Libraries/STM32F10x_StdPeriph_Driver_v3.5/src/stm32f10x_dac.c'
' '
'Building file: ../Libraries/STM32F10x_StdPeriph_Driver_v3.5/src/stm32f10x_dbgmcu.c'
'Invoking: ARM C++ Compiler 5'
armcc -I"C:\Users\Team01\Desktop\Project1\wed\Libraries\CMSIS\CoreSupport" -I"C:\Users\Team01\Desktop\Project1\wed\Libraries\CMSIS\DeviceSupport" -I"C:\Users\Team01\Desktop\Project1\wed\Libraries\CMSIS\DeviceSupport\Startup" -I"C:\Users\Team01\Desktop\Project1\wed\Libraries\STM32F10x_StdPeriph_Driver_v3.5\inc" -I"C:\Users\Team01\Desktop\Project1\wed\Libraries\STM32F10x_StdPeriph_Driver_v3.5\src" --cpp -O0 --cpu=CORTEX-M3 -g -c -o "Libraries/STM32F10x_StdPeriph_Driver_v3.5/src/stm32f10x_dbgmcu.o" "../Libraries/STM32F10x_StdPeriph_Driver_v3.5/src/stm32f10x_dbgmcu.c"
'Finished building: ../Libraries/STM32F10x_StdPeriph_Driver_v3.5/src/stm32f10x_dbgmcu.c'
' '
'Building file: ../Libraries/STM32F10x_StdPeriph_Driver_v3.5/src/stm32f10x_dma.c'
'Invoking: ARM C++ Compiler 5'
armcc -I"C:\Users\Team01\Desktop\Project1\wed\Libraries\CMSIS\CoreSupport" -I"C:\Users\Team01\Desktop\Project1\wed\Libraries\CMSIS\DeviceSupport" -I"C:\Users\Team01\Desktop\Project1\wed\Libraries\CMSIS\DeviceSupport\Startup" -I"C:\Users\Team01\Desktop\Project1\wed\Libraries\STM32F10x_StdPeriph_Driver_v3.5\inc" -I"C:\Users\Team01\Desktop\Project1\wed\Libraries\STM32F10x_StdPeriph_Driver_v3.5\src" --cpp -O0 --cpu=CORTEX-M3 -g -c -o "Libraries/STM32F10x_StdPeriph_Driver_v3.5/src/stm32f10x_dma.o" "../Libraries/STM32F10x_StdPeriph_Driver_v3.5/src/stm32f10x_dma.c"
'Finished building: ../Libraries/STM32F10x_StdPeriph_Driver_v3.5/src/stm32f10x_dma.c'
' '
'Building file: ../Libraries/STM32F10x_StdPeriph_Driver_v3.5/src/stm32f10x_exti.c'
'Invoking: ARM C++ Compiler 5'
armcc -I"C:\Users\Team01\Desktop\Project1\wed\Libraries\CMSIS\CoreSupport" -I"C:\Users\Team01\Desktop\Project1\wed\Libraries\CMSIS\DeviceSupport" -I"C:\Users\Team01\Desktop\Project1\wed\Libraries\CMSIS\DeviceSupport\Startup" -I"C:\Users\Team01\Desktop\Project1\wed\Libraries\STM32F10x_StdPeriph_Driver_v3.5\inc" -I"C:\Users\Team01\Desktop\Project1\wed\Libraries\STM32F10x_StdPeriph_Driver_v3.5\src" --cpp -O0 --cpu=CORTEX-M3 -g -c -o "Libraries/STM32F10x_StdPeriph_Driver_v3.5/src/stm32f10x_exti.o" "../Libraries/STM32F10x_StdPeriph_Driver_v3.5/src/stm32f10x_exti.c"
'Finished building: ../Libraries/STM32F10x_StdPeriph_Driver_v3.5/src/stm32f10x_exti.c'
' '
'Building file: ../Libraries/STM32F10x_StdPeriph_Driver_v3.5/src/stm32f10x_flash.c'
'Invoking: ARM C++ Compiler 5'
armcc -I"C:\Users\Team01\Desktop\Project1\wed\Libraries\CMSIS\CoreSupport" -I"C:\Users\Team01\Desktop\Project1\wed\Libraries\CMSIS\DeviceSupport" -I"C:\Users\Team01\Desktop\Project1\wed\Libraries\CMSIS\DeviceSupport\Startup" -I"C:\Users\Team01\Desktop\Project1\wed\Libraries\STM32F10x_StdPeriph_Driver_v3.5\inc" -I"C:\Users\Team01\Desktop\Project1\wed\Libraries\STM32F10x_StdPeriph_Driver_v3.5\src" --cpp -O0 --cpu=CORTEX-M3 -g -c -o "Libraries/STM32F10x_StdPeriph_Driver_v3.5/src/stm32f10x_flash.o" "../Libraries/STM32F10x_StdPeriph_Driver_v3.5/src/stm32f10x_flash.c"
'Finished building: ../Libraries/STM32F10x_StdPeriph_Driver_v3.5/src/stm32f10x_flash.c'
' '
'Building file: ../Libraries/STM32F10x_StdPeriph_Driver_v3.5/src/stm32f10x_fsmc.c'
'Invoking: ARM C++ Compiler 5'
armcc -I"C:\Users\Team01\Desktop\Project1\wed\Libraries\CMSIS\CoreSupport" -I"C:\Users\Team01\Desktop\Project1\wed\Libraries\CMSIS\DeviceSupport" -I"C:\Users\Team01\Desktop\Project1\wed\Libraries\CMSIS\DeviceSupport\Startup" -I"C:\Users\Team01\Desktop\Project1\wed\Libraries\STM32F10x_StdPeriph_Driver_v3.5\inc" -I"C:\Users\Team01\Desktop\Project1\wed\Libraries\STM32F10x_StdPeriph_Driver_v3.5\src" --cpp -O0 --cpu=CORTEX-M3 -g -c -o "Libraries/STM32F10x_StdPeriph_Driver_v3.5/src/stm32f10x_fsmc.o" "../Libraries/STM32F10x_StdPeriph_Driver_v3.5/src/stm32f10x_fsmc.c"
'Finished building: ../Libraries/STM32F10x_StdPeriph_Driver_v3.5/src/stm32f10x_fsmc.c'
' '
'Building file: ../Libraries/STM32F10x_StdPeriph_Driver_v3.5/src/stm32f10x_gpio.c'
'Invoking: ARM C++ Compiler 5'
armcc -I"C:\Users\Team01\Desktop\Project1\wed\Libraries\CMSIS\CoreSupport" -I"C:\Users\Team01\Desktop\Project1\wed\Libraries\CMSIS\DeviceSupport" -I"C:\Users\Team01\Desktop\Project1\wed\Libraries\CMSIS\DeviceSupport\Startup" -I"C:\Users\Team01\Desktop\Project1\wed\Libraries\STM32F10x_StdPeriph_Driver_v3.5\inc" -I"C:\Users\Team01\Desktop\Project1\wed\Libraries\STM32F10x_StdPeriph_Driver_v3.5\src" --cpp -O0 --cpu=CORTEX-M3 -g -c -o "Libraries/STM32F10x_StdPeriph_Driver_v3.5/src/stm32f10x_gpio.o" "../Libraries/STM32F10x_StdPeriph_Driver_v3.5/src/stm32f10x_gpio.c"
'Finished building: ../Libraries/STM32F10x_StdPeriph_Driver_v3.5/src/stm32f10x_gpio.c'
' '
'Building file: ../Libraries/STM32F10x_StdPeriph_Driver_v3.5/src/stm32f10x_i2c.c'
'Invoking: ARM C++ Compiler 5'
armcc -I"C:\Users\Team01\Desktop\Project1\wed\Libraries\CMSIS\CoreSupport" -I"C:\Users\Team01\Desktop\Project1\wed\Libraries\CMSIS\DeviceSupport" -I"C:\Users\Team01\Desktop\Project1\wed\Libraries\CMSIS\DeviceSupport\Startup" -I"C:\Users\Team01\Desktop\Project1\wed\Libraries\STM32F10x_StdPeriph_Driver_v3.5\inc" -I"C:\Users\Team01\Desktop\Project1\wed\Libraries\STM32F10x_StdPeriph_Driver_v3.5\src" --cpp -O0 --cpu=CORTEX-M3 -g -c -o "Libraries/STM32F10x_StdPeriph_Driver_v3.5/src/stm32f10x_i2c.o" "../Libraries/STM32F10x_StdPeriph_Driver_v3.5/src/stm32f10x_i2c.c"
'Finished building: ../Libraries/STM32F10x_StdPeriph_Driver_v3.5/src/stm32f10x_i2c.c'
' '
'Building file: ../Libraries/STM32F10x_StdPeriph_Driver_v3.5/src/stm32f10x_iwdg.c'
'Invoking: ARM C++ Compiler 5'
armcc -I"C:\Users\Team01\Desktop\Project1\wed\Libraries\CMSIS\CoreSupport" -I"C:\Users\Team01\Desktop\Project1\wed\Libraries\CMSIS\DeviceSupport" -I"C:\Users\Team01\Desktop\Project1\wed\Libraries\CMSIS\DeviceSupport\Startup" -I"C:\Users\Team01\Desktop\Project1\wed\Libraries\STM32F10x_StdPeriph_Driver_v3.5\inc" -I"C:\Users\Team01\Desktop\Project1\wed\Libraries\STM32F10x_StdPeriph_Driver_v3.5\src" --cpp -O0 --cpu=CORTEX-M3 -g -c -o "Libraries/STM32F10x_StdPeriph_Driver_v3.5/src/stm32f10x_iwdg.o" "../Libraries/STM32F10x_StdPeriph_Driver_v3.5/src/stm32f10x_iwdg.c"
'Finished building: ../Libraries/STM32F10x_StdPeriph_Driver_v3.5/src/stm32f10x_iwdg.c'
' '
'Building file: ../Libraries/STM32F10x_StdPeriph_Driver_v3.5/src/stm32f10x_pwr.c'
'Invoking: ARM C++ Compiler 5'
armcc -I"C:\Users\Team01\Desktop\Project1\wed\Libraries\CMSIS\CoreSupport" -I"C:\Users\Team01\Desktop\Project1\wed\Libraries\CMSIS\DeviceSupport" -I"C:\Users\Team01\Desktop\Project1\wed\Libraries\CMSIS\DeviceSupport\Startup" -I"C:\Users\Team01\Desktop\Project1\wed\Libraries\STM32F10x_StdPeriph_Driver_v3.5\inc" -I"C:\Users\Team01\Desktop\Project1\wed\Libraries\STM32F10x_StdPeriph_Driver_v3.5\src" --cpp -O0 --cpu=CORTEX-M3 -g -c -o "Libraries/STM32F10x_StdPeriph_Driver_v3.5/src/stm32f10x_pwr.o" "../Libraries/STM32F10x_StdPeriph_Driver_v3.5/src/stm32f10x_pwr.c"
'Finished building: ../Libraries/STM32F10x_StdPeriph_Driver_v3.5/src/stm32f10x_pwr.c'
' '
'Building file: ../Libraries/STM32F10x_StdPeriph_Driver_v3.5/src/stm32f10x_rcc.c'
'Invoking: ARM C++ Compiler 5'
armcc -I"C:\Users\Team01\Desktop\Project1\wed\Libraries\CMSIS\CoreSupport" -I"C:\Users\Team01\Desktop\Project1\wed\Libraries\CMSIS\DeviceSupport" -I"C:\Users\Team01\Desktop\Project1\wed\Libraries\CMSIS\DeviceSupport\Startup" -I"C:\Users\Team01\Desktop\Project1\wed\Libraries\STM32F10x_StdPeriph_Driver_v3.5\inc" -I"C:\Users\Team01\Desktop\Project1\wed\Libraries\STM32F10x_StdPeriph_Driver_v3.5\src" --cpp -O0 --cpu=CORTEX-M3 -g -c -o "Libraries/STM32F10x_StdPeriph_Driver_v3.5/src/stm32f10x_rcc.o" "../Libraries/STM32F10x_StdPeriph_Driver_v3.5/src/stm32f10x_rcc.c"
'Finished building: ../Libraries/STM32F10x_StdPeriph_Driver_v3.5/src/stm32f10x_rcc.c'
' '
'Building file: ../Libraries/STM32F10x_StdPeriph_Driver_v3.5/src/stm32f10x_rtc.c'
'Invoking: ARM C++ Compiler 5'
armcc -I"C:\Users\Team01\Desktop\Project1\wed\Libraries\CMSIS\CoreSupport" -I"C:\Users\Team01\Desktop\Project1\wed\Libraries\CMSIS\DeviceSupport" -I"C:\Users\Team01\Desktop\Project1\wed\Libraries\CMSIS\DeviceSupport\Startup" -I"C:\Users\Team01\Desktop\Project1\wed\Libraries\STM32F10x_StdPeriph_Driver_v3.5\inc" -I"C:\Users\Team01\Desktop\Project1\wed\Libraries\STM32F10x_StdPeriph_Driver_v3.5\src" --cpp -O0 --cpu=CORTEX-M3 -g -c -o "Libraries/STM32F10x_StdPeriph_Driver_v3.5/src/stm32f10x_rtc.o" "../Libraries/STM32F10x_StdPeriph_Driver_v3.5/src/stm32f10x_rtc.c"
'Finished building: ../Libraries/STM32F10x_StdPeriph_Driver_v3.5/src/stm32f10x_rtc.c'
' '
'Building file: ../Libraries/STM32F10x_StdPeriph_Driver_v3.5/src/stm32f10x_sdio.c'
'Invoking: ARM C++ Compiler 5'
armcc -I"C:\Users\Team01\Desktop\Project1\wed\Libraries\CMSIS\CoreSupport" -I"C:\Users\Team01\Desktop\Project1\wed\Libraries\CMSIS\DeviceSupport" -I"C:\Users\Team01\Desktop\Project1\wed\Libraries\CMSIS\DeviceSupport\Startup" -I"C:\Users\Team01\Desktop\Project1\wed\Libraries\STM32F10x_StdPeriph_Driver_v3.5\inc" -I"C:\Users\Team01\Desktop\Project1\wed\Libraries\STM32F10x_StdPeriph_Driver_v3.5\src" --cpp -O0 --cpu=CORTEX-M3 -g -c -o "Libraries/STM32F10x_StdPeriph_Driver_v3.5/src/stm32f10x_sdio.o" "../Libraries/STM32F10x_StdPeriph_Driver_v3.5/src/stm32f10x_sdio.c"
'Finished building: ../Libraries/STM32F10x_StdPeriph_Driver_v3.5/src/stm32f10x_sdio.c'
' '
'Building file: ../Libraries/STM32F10x_StdPeriph_Driver_v3.5/src/stm32f10x_spi.c'
'Invoking: ARM C++ Compiler 5'
armcc -I"C:\Users\Team01\Desktop\Project1\wed\Libraries\CMSIS\CoreSupport" -I"C:\Users\Team01\Desktop\Project1\wed\Libraries\CMSIS\DeviceSupport" -I"C:\Users\Team01\Desktop\Project1\wed\Libraries\CMSIS\DeviceSupport\Startup" -I"C:\Users\Team01\Desktop\Project1\wed\Libraries\STM32F10x_StdPeriph_Driver_v3.5\inc" -I"C:\Users\Team01\Desktop\Project1\wed\Libraries\STM32F10x_StdPeriph_Driver_v3.5\src" --cpp -O0 --cpu=CORTEX-M3 -g -c -o "Libraries/STM32F10x_StdPeriph_Driver_v3.5/src/stm32f10x_spi.o" "../Libraries/STM32F10x_StdPeriph_Driver_v3.5/src/stm32f10x_spi.c"
'Finished building: ../Libraries/STM32F10x_StdPeriph_Driver_v3.5/src/stm32f10x_spi.c'
' '
'Building file: ../Libraries/STM32F10x_StdPeriph_Driver_v3.5/src/stm32f10x_tim.c'
'Invoking: ARM C++ Compiler 5'
armcc -I"C:\Users\Team01\Desktop\Project1\wed\Libraries\CMSIS\CoreSupport" -I"C:\Users\Team01\Desktop\Project1\wed\Libraries\CMSIS\DeviceSupport" -I"C:\Users\Team01\Desktop\Project1\wed\Libraries\CMSIS\DeviceSupport\Startup" -I"C:\Users\Team01\Desktop\Project1\wed\Libraries\STM32F10x_StdPeriph_Driver_v3.5\inc" -I"C:\Users\Team01\Desktop\Project1\wed\Libraries\STM32F10x_StdPeriph_Driver_v3.5\src" --cpp -O0 --cpu=CORTEX-M3 -g -c -o "Libraries/STM32F10x_StdPeriph_Driver_v3.5/src/stm32f10x_tim.o" "../Libraries/STM32F10x_StdPeriph_Driver_v3.5/src/stm32f10x_tim.c"
'Finished building: ../Libraries/STM32F10x_StdPeriph_Driver_v3.5/src/stm32f10x_tim.c'
' '
'Building file: ../Libraries/STM32F10x_StdPeriph_Driver_v3.5/src/stm32f10x_usart.c'
'Invoking: ARM C++ Compiler 5'
armcc -I"C:\Users\Team01\Desktop\Project1\wed\Libraries\CMSIS\CoreSupport" -I"C:\Users\Team01\Desktop\Project1\wed\Libraries\CMSIS\DeviceSupport" -I"C:\Users\Team01\Desktop\Project1\wed\Libraries\CMSIS\DeviceSupport\Startup" -I"C:\Users\Team01\Desktop\Project1\wed\Libraries\STM32F10x_StdPeriph_Driver_v3.5\inc" -I"C:\Users\Team01\Desktop\Project1\wed\Libraries\STM32F10x_StdPeriph_Driver_v3.5\src" --cpp -O0 --cpu=CORTEX-M3 -g -c -o "Libraries/STM32F10x_StdPeriph_Driver_v3.5/src/stm32f10x_usart.o" "../Libraries/STM32F10x_StdPeriph_Driver_v3.5/src/stm32f10x_usart.c"
'Finished building: ../Libraries/STM32F10x_StdPeriph_Driver_v3.5/src/stm32f10x_usart.c'
' '
'Building file: ../Libraries/STM32F10x_StdPeriph_Driver_v3.5/src/stm32f10x_wwdg.c'
'Invoking: ARM C++ Compiler 5'
armcc -I"C:\Users\Team01\Desktop\Project1\wed\Libraries\CMSIS\CoreSupport" -I"C:\Users\Team01\Desktop\Project1\wed\Libraries\CMSIS\DeviceSupport" -I"C:\Users\Team01\Desktop\Project1\wed\Libraries\CMSIS\DeviceSupport\Startup" -I"C:\Users\Team01\Desktop\Project1\wed\Libraries\STM32F10x_StdPeriph_Driver_v3.5\inc" -I"C:\Users\Team01\Desktop\Project1\wed\Libraries\STM32F10x_StdPeriph_Driver_v3.5\src" --cpp -O0 --cpu=CORTEX-M3 -g -c -o "Libraries/STM32F10x_StdPeriph_Driver_v3.5/src/stm32f10x_wwdg.o" "../Libraries/STM32F10x_StdPeriph_Driver_v3.5/src/stm32f10x_wwdg.c"
'Finished building: ../Libraries/STM32F10x_StdPeriph_Driver_v3.5/src/stm32f10x_wwdg.c'
' '
'Building file: ../Libraries/CMSIS/DeviceSupport/Startup/startup_stm32f10x_cl.s'
'Invoking: ARM Assembler 5'
armasm --cpu=CORTEX-M3 -g -o "Libraries/CMSIS/DeviceSupport/Startup/startup_stm32f10x_cl.o" "../Libraries/CMSIS/DeviceSupport/Startup/startup_stm32f10x_cl.s"
'Finished building: ../Libraries/CMSIS/DeviceSupport/Startup/startup_stm32f10x_cl.s'
' '
'Building file: ../Libraries/CMSIS/DeviceSupport/system_stm32f10x.c'
'Invoking: ARM C++ Compiler 5'
armcc -I"C:\Users\Team01\Desktop\Project1\wed\Libraries\CMSIS\CoreSupport" -I"C:\Users\Team01\Desktop\Project1\wed\Libraries\CMSIS\DeviceSupport" -I"C:\Users\Team01\Desktop\Project1\wed\Libraries\CMSIS\DeviceSupport\Startup" -I"C:\Users\Team01\Desktop\Project1\wed\Libraries\STM32F10x_StdPeriph_Driver_v3.5\inc" -I"C:\Users\Team01\Desktop\Project1\wed\Libraries\STM32F10x_StdPeriph_Driver_v3.5\src" --cpp -O0 --cpu=CORTEX-M3 -g -c -o "Libraries/CMSIS/DeviceSupport/system_stm32f10x.o" "../Libraries/CMSIS/DeviceSupport/system_stm32f10x.c"
'Finished building: ../Libraries/CMSIS/DeviceSupport/system_stm32f10x.c'
' '
'Building file: ../Libraries/CMSIS/CoreSupport/core_cm3.c'
'Invoking: ARM C++ Compiler 5'
armcc -I"C:\Users\Team01\Desktop\Project1\wed\Libraries\CMSIS\CoreSupport" -I"C:\Users\Team01\Desktop\Project1\wed\Libraries\CMSIS\DeviceSupport" -I"C:\Users\Team01\Desktop\Project1\wed\Libraries\CMSIS\DeviceSupport\Startup" -I"C:\Users\Team01\Desktop\Project1\wed\Libraries\STM32F10x_StdPeriph_Driver_v3.5\inc" -I"C:\Users\Team01\Desktop\Project1\wed\Libraries\STM32F10x_StdPeriph_Driver_v3.5\src" --cpp -O0 --cpu=CORTEX-M3 -g -c -o "Libraries/CMSIS/CoreSupport/core_cm3.o" "../Libraries/CMSIS/CoreSupport/core_cm3.c"
'Finished building: ../Libraries/CMSIS/CoreSupport/core_cm3.c'
' '
'Building target: wed.axf'
'Invoking: ARM Linker 5'
armlink --entry=main --cpu=cortex-m3 --scatter="C:\Users\Team01\Desktop\Project1\wed\stm32-test.sct" --info=sizes -o "wed.axf"  ./Libraries/STM32F10x_StdPeriph_Driver_v3.5/src/misc.o ./Libraries/STM32F10x_StdPeriph_Driver_v3.5/src/stm32f10x_adc.o ./Libraries/STM32F10x_StdPeriph_Driver_v3.5/src/stm32f10x_bkp.o ./Libraries/STM32F10x_StdPeriph_Driver_v3.5/src/stm32f10x_can.o ./Libraries/STM32F10x_StdPeriph_Driver_v3.5/src/stm32f10x_cec.o ./Libraries/STM32F10x_StdPeriph_Driver_v3.5/src/stm32f10x_crc.o ./Libraries/STM32F10x_StdPeriph_Driver_v3.5/src/stm32f10x_dac.o ./Libraries/STM32F10x_StdPeriph_Driver_v3.5/src/stm32f10x_dbgmcu.o ./Libraries/STM32F10x_StdPeriph_Driver_v3.5/src/stm32f10x_dma.o ./Libraries/STM32F10x_StdPeriph_Driver_v3.5/src/stm32f10x_exti.o ./Libraries/STM32F10x_StdPeriph_Driver_v3.5/src/stm32f10x_flash.o ./Libraries/STM32F10x_StdPeriph_Driver_v3.5/src/stm32f10x_fsmc.o ./Libraries/STM32F10x_StdPeriph_Driver_v3.5/src/stm32f10x_gpio.o ./Libraries/STM32F10x_StdPeriph_Driver_v3.5/src/stm32f10x_i2c.o ./Libraries/STM32F10x_StdPeriph_Driver_v3.5/src/stm32f10x_iwdg.o ./Libraries/STM32F10x_StdPeriph_Driver_v3.5/src/stm32f10x_pwr.o ./Libraries/STM32F10x_StdPeriph_Driver_v3.5/src/stm32f10x_rcc.o ./Libraries/STM32F10x_StdPeriph_Driver_v3.5/src/stm32f10x_rtc.o ./Libraries/STM32F10x_StdPeriph_Driver_v3.5/src/stm32f10x_sdio.o ./Libraries/STM32F10x_StdPeriph_Driver_v3.5/src/stm32f10x_spi.o ./Libraries/STM32F10x_StdPeriph_Driver_v3.5/src/stm32f10x_tim.o ./Libraries/STM32F10x_StdPeriph_Driver_v3.5/src/stm32f10x_usart.o ./Libraries/STM32F10x_StdPeriph_Driver_v3.5/src/stm32f10x_wwdg.o  ./Libraries/CMSIS/DeviceSupport/Startup/startup_stm32f10x_cl.o  ./Libraries/CMSIS/DeviceSupport/system_stm32f10x.o  ./Libraries/CMSIS/CoreSupport/core_cm3.o   
Error: L6320W: Ignoring --entry command. Cannot find argument 'main'.
Finished: 0 information, 0 warning and 1 error messages.
make: *** [wed.axf] Error 1
18:34:17 **** Incremental Build of configuration Debug for project wed ****
make all 
'Building file: ../main.c'
'Invoking: ARM C++ Compiler 5'
armcc -I"C:\Users\Team01\Desktop\Project1\wed\Libraries\CMSIS\CoreSupport" -I"C:\Users\Team01\Desktop\Project1\wed\Libraries\CMSIS\DeviceSupport" -I"C:\Users\Team01\Desktop\Project1\wed\Libraries\CMSIS\DeviceSupport\Startup" -I"C:\Users\Team01\Desktop\Project1\wed\Libraries\STM32F10x_StdPeriph_Driver_v3.5\inc" -I"C:\Users\Team01\Desktop\Project1\wed\Libraries\STM32F10x_StdPeriph_Driver_v3.5\src" --cpp -O0 --cpu=CORTEX-M3 -g -c -o "main.o" "../main.c"
'Finished building: ../main.c'
' '
'Building target: wed.axf'
'Invoking: ARM Linker 5'
armlink --entry=main --cpu=cortex-m3 --scatter="C:\Users\Team01\Desktop\Project1\wed\stm32-test.sct" --info=sizes -o "wed.axf"  ./Libraries/STM32F10x_StdPeriph_Driver_v3.5/src/misc.o ./Libraries/STM32F10x_StdPeriph_Driver_v3.5/src/stm32f10x_adc.o ./Libraries/STM32F10x_StdPeriph_Driver_v3.5/src/stm32f10x_bkp.o ./Libraries/STM32F10x_StdPeriph_Driver_v3.5/src/stm32f10x_can.o ./Libraries/STM32F10x_StdPeriph_Driver_v3.5/src/stm32f10x_cec.o ./Libraries/STM32F10x_StdPeriph_Driver_v3.5/src/stm32f10x_crc.o ./Libraries/STM32F10x_StdPeriph_Driver_v3.5/src/stm32f10x_dac.o ./Libraries/STM32F10x_StdPeriph_Driver_v3.5/src/stm32f10x_dbgmcu.o ./Libraries/STM32F10x_StdPeriph_Driver_v3.5/src/stm32f10x_dma.o ./Libraries/STM32F10x_StdPeriph_Driver_v3.5/src/stm32f10x_exti.o ./Libraries/STM32F10x_StdPeriph_Driver_v3.5/src/stm32f10x_flash.o ./Libraries/STM32F10x_StdPeriph_Driver_v3.5/src/stm32f10x_fsmc.o ./Libraries/STM32F10x_StdPeriph_Driver_v3.5/src/stm32f10x_gpio.o ./Libraries/STM32F10x_StdPeriph_Driver_v3.5/src/stm32f10x_i2c.o ./Libraries/STM32F10x_StdPeriph_Driver_v3.5/src/stm32f10x_iwdg.o ./Libraries/STM32F10x_StdPeriph_Driver_v3.5/src/stm32f10x_pwr.o ./Libraries/STM32F10x_StdPeriph_Driver_v3.5/src/stm32f10x_rcc.o ./Libraries/STM32F10x_StdPeriph_Driver_v3.5/src/stm32f10x_rtc.o ./Libraries/STM32F10x_StdPeriph_Driver_v3.5/src/stm32f10x_sdio.o ./Libraries/STM32F10x_StdPeriph_Driver_v3.5/src/stm32f10x_spi.o ./Libraries/STM32F10x_StdPeriph_Driver_v3.5/src/stm32f10x_tim.o ./Libraries/STM32F10x_StdPeriph_Driver_v3.5/src/stm32f10x_usart.o ./Libraries/STM32F10x_StdPeriph_Driver_v3.5/src/stm32f10x_wwdg.o  ./Libraries/CMSIS/DeviceSupport/Startup/startup_stm32f10x_cl.o  ./Libraries/CMSIS/DeviceSupport/system_stm32f10x.o  ./Libraries/CMSIS/CoreSupport/core_cm3.o  ./main.o   
Error: L6320W: Ignoring --entry command. Cannot find argument 'main'.
Finished: 0 information, 0 warning and 1 error messages.
make: *** [wed.axf] Error 1
18:34:51 **** Incremental Build of configuration Debug for project wed ****
make all 
'Building file: ../main.c'
'Invoking: ARM C++ Compiler 5'
armcc -I"C:\Users\Team01\Desktop\Project1\wed\Libraries\CMSIS\CoreSupport" -I"C:\Users\Team01\Desktop\Project1\wed\Libraries\CMSIS\DeviceSupport" -I"C:\Users\Team01\Desktop\Project1\wed\Libraries\CMSIS\DeviceSupport\Startup" -I"C:\Users\Team01\Desktop\Project1\wed\Libraries\STM32F10x_StdPeriph_Driver_v3.5\inc" -I"C:\Users\Team01\Desktop\Project1\wed\Libraries\STM32F10x_StdPeriph_Driver_v3.5\src" --cpp -O0 --cpu=CORTEX-M3 -g -c -o "main.o" "../main.c"
'Finished building: ../main.c'
' '
'Building target: wed.axf'
'Invoking: ARM Linker 5'
armlink --entry=main --cpu=cortex-m3 --scatter="C:\Users\Team01\Desktop\Project1\wed\stm32-test.sct" --info=sizes -o "wed.axf"  ./Libraries/STM32F10x_StdPeriph_Driver_v3.5/src/misc.o ./Libraries/STM32F10x_StdPeriph_Driver_v3.5/src/stm32f10x_adc.o ./Libraries/STM32F10x_StdPeriph_Driver_v3.5/src/stm32f10x_bkp.o ./Libraries/STM32F10x_StdPeriph_Driver_v3.5/src/stm32f10x_can.o ./Libraries/STM32F10x_StdPeriph_Driver_v3.5/src/stm32f10x_cec.o ./Libraries/STM32F10x_StdPeriph_Driver_v3.5/src/stm32f10x_crc.o ./Libraries/STM32F10x_StdPeriph_Driver_v3.5/src/stm32f10x_dac.o ./Libraries/STM32F10x_StdPeriph_Driver_v3.5/src/stm32f10x_dbgmcu.o ./Libraries/STM32F10x_StdPeriph_Driver_v3.5/src/stm32f10x_dma.o ./Libraries/STM32F10x_StdPeriph_Driver_v3.5/src/stm32f10x_exti.o ./Libraries/STM32F10x_StdPeriph_Driver_v3.5/src/stm32f10x_flash.o ./Libraries/STM32F10x_StdPeriph_Driver_v3.5/src/stm32f10x_fsmc.o ./Libraries/STM32F10x_StdPeriph_Driver_v3.5/src/stm32f10x_gpio.o ./Libraries/STM32F10x_StdPeriph_Driver_v3.5/src/stm32f10x_i2c.o ./Libraries/STM32F10x_StdPeriph_Driver_v3.5/src/stm32f10x_iwdg.o ./Libraries/STM32F10x_StdPeriph_Driver_v3.5/src/stm32f10x_pwr.o ./Libraries/STM32F10x_StdPeriph_Driver_v3.5/src/stm32f10x_rcc.o ./Libraries/STM32F10x_StdPeriph_Driver_v3.5/src/stm32f10x_rtc.o ./Libraries/STM32F10x_StdPeriph_Driver_v3.5/src/stm32f10x_sdio.o ./Libraries/STM32F10x_StdPeriph_Driver_v3.5/src/stm32f10x_spi.o ./Libraries/STM32F10x_StdPeriph_Driver_v3.5/src/stm32f10x_tim.o ./Libraries/STM32F10x_StdPeriph_Driver_v3.5/src/stm32f10x_usart.o ./Libraries/STM32F10x_StdPeriph_Driver_v3.5/src/stm32f10x_wwdg.o  ./Libraries/CMSIS/DeviceSupport/Startup/startup_stm32f10x_cl.o  ./Libraries/CMSIS/DeviceSupport/system_stm32f10x.o  ./Libraries/CMSIS/CoreSupport/core_cm3.o  ./main.o   

==============================================================================

Image component sizes


      Code (inc. data)   RO Data    RW Data    ZI Data      Debug   Object Name

         4          0          0          0          0        379   main.o
         0          0          0          0          0       4032   misc.o
        64         26        336          0       1536        880   startup_stm32f10x_cl.o
       644         48          0         20          0       2063   system_stm32f10x.o

    ----------------------------------------------------------------------
       712         74        368         20       1536       7354   Object Totals
         0          0         32          0          0          0   (incl. Generated)
         0          0          0          0          0          0   (incl. Padding)

    ----------------------------------------------------------------------

      Code (inc. data)   RO Data    RW Data    ZI Data      Debug   Library Member Name

         8          0          0          0          0         68   __main.o
        52          8          0          0          0          0   __scatter.o
        26          0          0          0          0          0   __scatter_copy.o
        28          0          0          0          0          0   __scatter_zi.o
        12          0          0          0          0         72   exit.o
         6          0          0          0          0        152   heapauxi.o
         0          0          0          0          0          0   indicate_semi.o
         2          0          0          0          0          0   libinit.o
         2          0          0          0          0          0   libinit2.o
         2          0          0          0          0          0   libshutdown.o
         2          0          0          0          0          0   libshutdown2.o
         8          4          0          0         96         68   libspace.o
         0          0          0          0          0          0   rtentry.o
        12          0          0          0          0          0   rtentry2.o
         6          0          0          0          0          0   rtentry4.o
         2          0          0          0          0          0   rtexit.o
        10          0          0          0          0          0   rtexit2.o
        12          4          0          0          0         68   sys_exit.o
        74          0          0          0          0         80   sys_stackheap_outer.o
         2          0          0          0          0         68   use_no_semi.o

    ----------------------------------------------------------------------
       272         16          0          0        100        576   Library Totals
         6          0          0          0          4          0   (incl. Padding)

    ----------------------------------------------------------------------

      Code (inc. data)   RO Data    RW Data    ZI Data      Debug   Library Name

       266         16          0          0         96        576   c_w.l

    ----------------------------------------------------------------------
       272         16          0          0        100        576   Library Totals

    ----------------------------------------------------------------------

==============================================================================


      Code (inc. data)   RO Data    RW Data    ZI Data      Debug   

       984         90        368         20       1636       7770   Grand Totals
       984         90        368         20       1636       7770   ELF Image Totals
       984         90        368         20          0          0   ROM Totals

==============================================================================

    Total RO  Size (Code + RO Data)                 1352 (   1.32kB)
    Total RW  Size (RW Data + ZI Data)              1656 (   1.62kB)
    Total ROM Size (Code + RO Data + RW Data)       1372 (   1.34kB)

==============================================================================

'Finished building target: wed.axf'
' '
18:52:20 **** Incremental Build of configuration Debug for project wed ****
make all 
'Building file: ../main.c'
'Invoking: ARM C++ Compiler 5'
armcc -I"C:\Users\Team01\Desktop\Project1\wed\Libraries\CMSIS\CoreSupport" -I"C:\Users\Team01\Desktop\Project1\wed\Libraries\CMSIS\DeviceSupport" -I"C:\Users\Team01\Desktop\Project1\wed\Libraries\CMSIS\DeviceSupport\Startup" -I"C:\Users\Team01\Desktop\Project1\wed\Libraries\STM32F10x_StdPeriph_Driver_v3.5\inc" -I"C:\Users\Team01\Desktop\Project1\wed\Libraries\STM32F10x_StdPeriph_Driver_v3.5\src" --cpp -O0 --cpu=CORTEX-M3 -g -c -o "main.o" "../main.c"
"../main.c", line 49: Warning:  #177-D: variable "i" was declared but never referenced
  	int i = 0; // 현재 상태를 저장하는 변수
  	    ^
../main.c: 1 warning, 0 errors
'Finished building: ../main.c'
' '
'Building target: wed.axf'
'Invoking: ARM Linker 5'
armlink --entry=main --cpu=cortex-m3 --scatter="C:\Users\Team01\Desktop\Project1\wed\stm32-test.sct" --info=sizes -o "wed.axf"  ./Libraries/STM32F10x_StdPeriph_Driver_v3.5/src/misc.o ./Libraries/STM32F10x_StdPeriph_Driver_v3.5/src/stm32f10x_adc.o ./Libraries/STM32F10x_StdPeriph_Driver_v3.5/src/stm32f10x_bkp.o ./Libraries/STM32F10x_StdPeriph_Driver_v3.5/src/stm32f10x_can.o ./Libraries/STM32F10x_StdPeriph_Driver_v3.5/src/stm32f10x_cec.o ./Libraries/STM32F10x_StdPeriph_Driver_v3.5/src/stm32f10x_crc.o ./Libraries/STM32F10x_StdPeriph_Driver_v3.5/src/stm32f10x_dac.o ./Libraries/STM32F10x_StdPeriph_Driver_v3.5/src/stm32f10x_dbgmcu.o ./Libraries/STM32F10x_StdPeriph_Driver_v3.5/src/stm32f10x_dma.o ./Libraries/STM32F10x_StdPeriph_Driver_v3.5/src/stm32f10x_exti.o ./Libraries/STM32F10x_StdPeriph_Driver_v3.5/src/stm32f10x_flash.o ./Libraries/STM32F10x_StdPeriph_Driver_v3.5/src/stm32f10x_fsmc.o ./Libraries/STM32F10x_StdPeriph_Driver_v3.5/src/stm32f10x_gpio.o ./Libraries/STM32F10x_StdPeriph_Driver_v3.5/src/stm32f10x_i2c.o ./Libraries/STM32F10x_StdPeriph_Driver_v3.5/src/stm32f10x_iwdg.o ./Libraries/STM32F10x_StdPeriph_Driver_v3.5/src/stm32f10x_pwr.o ./Libraries/STM32F10x_StdPeriph_Driver_v3.5/src/stm32f10x_rcc.o ./Libraries/STM32F10x_StdPeriph_Driver_v3.5/src/stm32f10x_rtc.o ./Libraries/STM32F10x_StdPeriph_Driver_v3.5/src/stm32f10x_sdio.o ./Libraries/STM32F10x_StdPeriph_Driver_v3.5/src/stm32f10x_spi.o ./Libraries/STM32F10x_StdPeriph_Driver_v3.5/src/stm32f10x_tim.o ./Libraries/STM32F10x_StdPeriph_Driver_v3.5/src/stm32f10x_usart.o ./Libraries/STM32F10x_StdPeriph_Driver_v3.5/src/stm32f10x_wwdg.o  ./Libraries/CMSIS/DeviceSupport/Startup/startup_stm32f10x_cl.o  ./Libraries/CMSIS/DeviceSupport/system_stm32f10x.o  ./Libraries/CMSIS/CoreSupport/core_cm3.o  ./main.o   

==============================================================================

Image component sizes


      Code (inc. data)   RO Data    RW Data    ZI Data      Debug   Object Name

       140         30          0          0          0        589   main.o
         0          0          0          0          0       4032   misc.o
        64         26        336          0       1536        880   startup_stm32f10x_cl.o
       644         48          0         20          0       2063   system_stm32f10x.o

    ----------------------------------------------------------------------
       848        104        368         20       1536       7564   Object Totals
         0          0         32          0          0          0   (incl. Generated)
         0          0          0          0          0          0   (incl. Padding)

    ----------------------------------------------------------------------

      Code (inc. data)   RO Data    RW Data    ZI Data      Debug   Library Member Name

         8          0          0          0          0         68   __main.o
        52          8          0          0          0          0   __scatter.o
        26          0          0          0          0          0   __scatter_copy.o
        28          0          0          0          0          0   __scatter_zi.o
        12          0          0          0          0         72   exit.o
         6          0          0          0          0        152   heapauxi.o
         0          0          0          0          0          0   indicate_semi.o
         2          0          0          0          0          0   libinit.o
         2          0          0          0          0          0   libinit2.o
         2          0          0          0          0          0   libshutdown.o
         2          0          0          0          0          0   libshutdown2.o
         8          4          0          0         96         68   libspace.o
         0          0          0          0          0          0   rtentry.o
        12          0          0          0          0          0   rtentry2.o
         6          0          0          0          0          0   rtentry4.o
         2          0          0          0          0          0   rtexit.o
        10          0          0          0          0          0   rtexit2.o
        12          4          0          0          0         68   sys_exit.o
        74          0          0          0          0         80   sys_stackheap_outer.o
         2          0          0          0          0         68   use_no_semi.o

    ----------------------------------------------------------------------
       272         16          0          0        100        576   Library Totals
         6          0          0          0          4          0   (incl. Padding)

    ----------------------------------------------------------------------

      Code (inc. data)   RO Data    RW Data    ZI Data      Debug   Library Name

       266         16          0          0         96        576   c_w.l

    ----------------------------------------------------------------------
       272         16          0          0        100        576   Library Totals

    ----------------------------------------------------------------------

==============================================================================


      Code (inc. data)   RO Data    RW Data    ZI Data      Debug   

      1120        120        368         20       1636       7980   Grand Totals
      1120        120        368         20       1636       7980   ELF Image Totals
      1120        120        368         20          0          0   ROM Totals

==============================================================================

    Total RO  Size (Code + RO Data)                 1488 (   1.45kB)
    Total RW  Size (RW Data + ZI Data)              1656 (   1.62kB)
    Total ROM Size (Code + RO Data + RW Data)       1508 (   1.47kB)

==============================================================================

'Finished building target: wed.axf'
' '
19:05:49 **** Incremental Build of configuration Debug for project wed ****
make all 
'Building file: ../main.c'
'Invoking: ARM C++ Compiler 5'
armcc -I"C:\Users\Team01\Desktop\Project1\wed\Libraries\CMSIS\CoreSupport" -I"C:\Users\Team01\Desktop\Project1\wed\Libraries\CMSIS\DeviceSupport" -I"C:\Users\Team01\Desktop\Project1\wed\Libraries\CMSIS\DeviceSupport\Startup" -I"C:\Users\Team01\Desktop\Project1\wed\Libraries\STM32F10x_StdPeriph_Driver_v3.5\inc" -I"C:\Users\Team01\Desktop\Project1\wed\Libraries\STM32F10x_StdPeriph_Driver_v3.5\src" --cpp -O0 --cpu=CORTEX-M3 -g -c -o "main.o" "../main.c"
'Finished building: ../main.c'
' '
'Building target: wed.axf'
'Invoking: ARM Linker 5'
armlink --entry=main --cpu=cortex-m3 --scatter="C:\Users\Team01\Desktop\Project1\wed\stm32-test.sct" --info=sizes -o "wed.axf"  ./Libraries/STM32F10x_StdPeriph_Driver_v3.5/src/misc.o ./Libraries/STM32F10x_StdPeriph_Driver_v3.5/src/stm32f10x_adc.o ./Libraries/STM32F10x_StdPeriph_Driver_v3.5/src/stm32f10x_bkp.o ./Libraries/STM32F10x_StdPeriph_Driver_v3.5/src/stm32f10x_can.o ./Libraries/STM32F10x_StdPeriph_Driver_v3.5/src/stm32f10x_cec.o ./Libraries/STM32F10x_StdPeriph_Driver_v3.5/src/stm32f10x_crc.o ./Libraries/STM32F10x_StdPeriph_Driver_v3.5/src/stm32f10x_dac.o ./Libraries/STM32F10x_StdPeriph_Driver_v3.5/src/stm32f10x_dbgmcu.o ./Libraries/STM32F10x_StdPeriph_Driver_v3.5/src/stm32f10x_dma.o ./Libraries/STM32F10x_StdPeriph_Driver_v3.5/src/stm32f10x_exti.o ./Libraries/STM32F10x_StdPeriph_Driver_v3.5/src/stm32f10x_flash.o ./Libraries/STM32F10x_StdPeriph_Driver_v3.5/src/stm32f10x_fsmc.o ./Libraries/STM32F10x_StdPeriph_Driver_v3.5/src/stm32f10x_gpio.o ./Libraries/STM32F10x_StdPeriph_Driver_v3.5/src/stm32f10x_i2c.o ./Libraries/STM32F10x_StdPeriph_Driver_v3.5/src/stm32f10x_iwdg.o ./Libraries/STM32F10x_StdPeriph_Driver_v3.5/src/stm32f10x_pwr.o ./Libraries/STM32F10x_StdPeriph_Driver_v3.5/src/stm32f10x_rcc.o ./Libraries/STM32F10x_StdPeriph_Driver_v3.5/src/stm32f10x_rtc.o ./Libraries/STM32F10x_StdPeriph_Driver_v3.5/src/stm32f10x_sdio.o ./Libraries/STM32F10x_StdPeriph_Driver_v3.5/src/stm32f10x_spi.o ./Libraries/STM32F10x_StdPeriph_Driver_v3.5/src/stm32f10x_tim.o ./Libraries/STM32F10x_StdPeriph_Driver_v3.5/src/stm32f10x_usart.o ./Libraries/STM32F10x_StdPeriph_Driver_v3.5/src/stm32f10x_wwdg.o  ./Libraries/CMSIS/DeviceSupport/Startup/startup_stm32f10x_cl.o  ./Libraries/CMSIS/DeviceSupport/system_stm32f10x.o  ./Libraries/CMSIS/CoreSupport/core_cm3.o  ./main.o   

==============================================================================

Image component sizes


      Code (inc. data)   RO Data    RW Data    ZI Data      Debug   Object Name

       444         30          0          0          0        869   main.o
         0          0          0          0          0       4032   misc.o
        64         26        336          0       1536        880   startup_stm32f10x_cl.o
       644         48          0         20          0       2063   system_stm32f10x.o

    ----------------------------------------------------------------------
      1152        104        368         20       1536       7844   Object Totals
         0          0         32          0          0          0   (incl. Generated)
         0          0          0          0          0          0   (incl. Padding)

    ----------------------------------------------------------------------

      Code (inc. data)   RO Data    RW Data    ZI Data      Debug   Library Member Name

         8          0          0          0          0         68   __main.o
        52          8          0          0          0          0   __scatter.o
        26          0          0          0          0          0   __scatter_copy.o
        28          0          0          0          0          0   __scatter_zi.o
        12          0          0          0          0         72   exit.o
         6          0          0          0          0        152   heapauxi.o
         0          0          0          0          0          0   indicate_semi.o
         2          0          0          0          0          0   libinit.o
         2          0          0          0          0          0   libinit2.o
         2          0          0          0          0          0   libshutdown.o
         2          0          0          0          0          0   libshutdown2.o
         8          4          0          0         96         68   libspace.o
         0          0          0          0          0          0   rtentry.o
        12          0          0          0          0          0   rtentry2.o
         6          0          0          0          0          0   rtentry4.o
         2          0          0          0          0          0   rtexit.o
        10          0          0          0          0          0   rtexit2.o
        12          4          0          0          0         68   sys_exit.o
        74          0          0          0          0         80   sys_stackheap_outer.o
         2          0          0          0          0         68   use_no_semi.o

    ----------------------------------------------------------------------
       272         16          0          0        100        576   Library Totals
         6          0          0          0          4          0   (incl. Padding)

    ----------------------------------------------------------------------

      Code (inc. data)   RO Data    RW Data    ZI Data      Debug   Library Name

       266         16          0          0         96        576   c_w.l

    ----------------------------------------------------------------------
       272         16          0          0        100        576   Library Totals

    ----------------------------------------------------------------------

==============================================================================


      Code (inc. data)   RO Data    RW Data    ZI Data      Debug   

      1424        120        368         20       1636       8208   Grand Totals
      1424        120        368         20       1636       8208   ELF Image Totals
      1424        120        368         20          0          0   ROM Totals

==============================================================================

    Total RO  Size (Code + RO Data)                 1792 (   1.75kB)
    Total RW  Size (RW Data + ZI Data)              1656 (   1.62kB)
    Total ROM Size (Code + RO Data + RW Data)       1812 (   1.77kB)

==============================================================================

'Finished building target: wed.axf'
' '
19:08:26 **** Incremental Build of configuration Debug for project wed ****
make all 
'Building file: ../main.c'
'Invoking: ARM C++ Compiler 5'
armcc -I"C:\Users\Team01\Desktop\Project1\wed\Libraries\CMSIS\CoreSupport" -I"C:\Users\Team01\Desktop\Project1\wed\Libraries\CMSIS\DeviceSupport" -I"C:\Users\Team01\Desktop\Project1\wed\Libraries\CMSIS\DeviceSupport\Startup" -I"C:\Users\Team01\Desktop\Project1\wed\Libraries\STM32F10x_StdPeriph_Driver_v3.5\inc" -I"C:\Users\Team01\Desktop\Project1\wed\Libraries\STM32F10x_StdPeriph_Driver_v3.5\src" --cpp -O0 --cpu=CORTEX-M3 -g -c -o "main.o" "../main.c"
'Finished building: ../main.c'
' '
'Building target: wed.axf'
'Invoking: ARM Linker 5'
armlink --entry=main --cpu=cortex-m3 --scatter="C:\Users\Team01\Desktop\Project1\wed\stm32-test.sct" --info=sizes -o "wed.axf"  ./Libraries/STM32F10x_StdPeriph_Driver_v3.5/src/misc.o ./Libraries/STM32F10x_StdPeriph_Driver_v3.5/src/stm32f10x_adc.o ./Libraries/STM32F10x_StdPeriph_Driver_v3.5/src/stm32f10x_bkp.o ./Libraries/STM32F10x_StdPeriph_Driver_v3.5/src/stm32f10x_can.o ./Libraries/STM32F10x_StdPeriph_Driver_v3.5/src/stm32f10x_cec.o ./Libraries/STM32F10x_StdPeriph_Driver_v3.5/src/stm32f10x_crc.o ./Libraries/STM32F10x_StdPeriph_Driver_v3.5/src/stm32f10x_dac.o ./Libraries/STM32F10x_StdPeriph_Driver_v3.5/src/stm32f10x_dbgmcu.o ./Libraries/STM32F10x_StdPeriph_Driver_v3.5/src/stm32f10x_dma.o ./Libraries/STM32F10x_StdPeriph_Driver_v3.5/src/stm32f10x_exti.o ./Libraries/STM32F10x_StdPeriph_Driver_v3.5/src/stm32f10x_flash.o ./Libraries/STM32F10x_StdPeriph_Driver_v3.5/src/stm32f10x_fsmc.o ./Libraries/STM32F10x_StdPeriph_Driver_v3.5/src/stm32f10x_gpio.o ./Libraries/STM32F10x_StdPeriph_Driver_v3.5/src/stm32f10x_i2c.o ./Libraries/STM32F10x_StdPeriph_Driver_v3.5/src/stm32f10x_iwdg.o ./Libraries/STM32F10x_StdPeriph_Driver_v3.5/src/stm32f10x_pwr.o ./Libraries/STM32F10x_StdPeriph_Driver_v3.5/src/stm32f10x_rcc.o ./Libraries/STM32F10x_StdPeriph_Driver_v3.5/src/stm32f10x_rtc.o ./Libraries/STM32F10x_StdPeriph_Driver_v3.5/src/stm32f10x_sdio.o ./Libraries/STM32F10x_StdPeriph_Driver_v3.5/src/stm32f10x_spi.o ./Libraries/STM32F10x_StdPeriph_Driver_v3.5/src/stm32f10x_tim.o ./Libraries/STM32F10x_StdPeriph_Driver_v3.5/src/stm32f10x_usart.o ./Libraries/STM32F10x_StdPeriph_Driver_v3.5/src/stm32f10x_wwdg.o  ./Libraries/CMSIS/DeviceSupport/Startup/startup_stm32f10x_cl.o  ./Libraries/CMSIS/DeviceSupport/system_stm32f10x.o  ./Libraries/CMSIS/CoreSupport/core_cm3.o  ./main.o   

==============================================================================

Image component sizes


      Code (inc. data)   RO Data    RW Data    ZI Data      Debug   Object Name

       456         30          0          0          0        873   main.o
         0          0          0          0          0       4032   misc.o
        64         26        336          0       1536        880   startup_stm32f10x_cl.o
       644         48          0         20          0       2063   system_stm32f10x.o

    ----------------------------------------------------------------------
      1164        104        368         20       1536       7848   Object Totals
         0          0         32          0          0          0   (incl. Generated)
         0          0          0          0          0          0   (incl. Padding)

    ----------------------------------------------------------------------

      Code (inc. data)   RO Data    RW Data    ZI Data      Debug   Library Member Name

         8          0          0          0          0         68   __main.o
        52          8          0          0          0          0   __scatter.o
        26          0          0          0          0          0   __scatter_copy.o
        28          0          0          0          0          0   __scatter_zi.o
        12          0          0          0          0         72   exit.o
         6          0          0          0          0        152   heapauxi.o
         0          0          0          0          0          0   indicate_semi.o
         2          0          0          0          0          0   libinit.o
         2          0          0          0          0          0   libinit2.o
         2          0          0          0          0          0   libshutdown.o
         2          0          0          0          0          0   libshutdown2.o
         8          4          0          0         96         68   libspace.o
         0          0          0          0          0          0   rtentry.o
        12          0          0          0          0          0   rtentry2.o
         6          0          0          0          0          0   rtentry4.o
         2          0          0          0          0          0   rtexit.o
        10          0          0          0          0          0   rtexit2.o
        12          4          0          0          0         68   sys_exit.o
        74          0          0          0          0         80   sys_stackheap_outer.o
         2          0          0          0          0         68   use_no_semi.o

    ----------------------------------------------------------------------
       272         16          0          0        100        576   Library Totals
         6          0          0          0          4          0   (incl. Padding)

    ----------------------------------------------------------------------

      Code (inc. data)   RO Data    RW Data    ZI Data      Debug   Library Name

       266         16          0          0         96        576   c_w.l

    ----------------------------------------------------------------------
       272         16          0          0        100        576   Library Totals

    ----------------------------------------------------------------------

==============================================================================


      Code (inc. data)   RO Data    RW Data    ZI Data      Debug   

      1436        120        368         20       1636       8212   Grand Totals
      1436        120        368         20       1636       8212   ELF Image Totals
      1436        120        368         20          0          0   ROM Totals

==============================================================================

    Total RO  Size (Code + RO Data)                 1804 (   1.76kB)
    Total RW  Size (RW Data + ZI Data)              1656 (   1.62kB)
    Total ROM Size (Code + RO Data + RW Data)       1824 (   1.78kB)

==============================================================================

'Finished building target: wed.axf'
' '
19:09:10 **** Incremental Build of configuration Debug for project wed ****
make all 
make: Nothing to be done for `all'.
